[2020-12-31 11:42:46] local.ERROR: Target class [Api\AuthController] does not exist. {"exception":"[object] (Illuminate\\Contracts\\Container\\BindingResolutionException(code: 0): Target class [Api\\AuthController] does not exist. at /var/www/html/2021/MINEPROGRAM/backEnd/vendor/laravel/framework/src/Illuminate/Container/Container.php:832)
[stacktrace]
#0 /var/www/html/2021/MINEPROGRAM/backEnd/vendor/laravel/framework/src/Illuminate/Container/Container.php(712): Illuminate\\Container\\Container->build()
#1 /var/www/html/2021/MINEPROGRAM/backEnd/vendor/laravel/framework/src/Illuminate/Foundation/Application.php(796): Illuminate\\Container\\Container->resolve()
#2 /var/www/html/2021/MINEPROGRAM/backEnd/vendor/laravel/framework/src/Illuminate/Container/Container.php(651): Illuminate\\Foundation\\Application->resolve()
#3 /var/www/html/2021/MINEPROGRAM/backEnd/vendor/laravel/framework/src/Illuminate/Foundation/Application.php(781): Illuminate\\Container\\Container->make()
#4 /var/www/html/2021/MINEPROGRAM/backEnd/vendor/laravel/framework/src/Illuminate/Routing/Route.php(268): Illuminate\\Foundation\\Application->make()
#5 /var/www/html/2021/MINEPROGRAM/backEnd/vendor/laravel/framework/src/Illuminate/Routing/Route.php(989): Illuminate\\Routing\\Route->getController()
#6 /var/www/html/2021/MINEPROGRAM/backEnd/vendor/laravel/framework/src/Illuminate/Routing/Route.php(950): Illuminate\\Routing\\Route->controllerMiddleware()
#7 /var/www/html/2021/MINEPROGRAM/backEnd/vendor/laravel/framework/src/Illuminate/Routing/Router.php(709): Illuminate\\Routing\\Route->gatherMiddleware()
#8 /var/www/html/2021/MINEPROGRAM/backEnd/vendor/laravel/framework/src/Illuminate/Routing/Router.php(685): Illuminate\\Routing\\Router->gatherRouteMiddleware()
#9 /var/www/html/2021/MINEPROGRAM/backEnd/vendor/laravel/framework/src/Illuminate/Routing/Router.php(669): Illuminate\\Routing\\Router->runRouteWithinStack()
#10 /var/www/html/2021/MINEPROGRAM/backEnd/vendor/laravel/framework/src/Illuminate/Routing/Router.php(635): Illuminate\\Routing\\Router->runRoute()
#11 /var/www/html/2021/MINEPROGRAM/backEnd/vendor/laravel/framework/src/Illuminate/Routing/Router.php(624): Illuminate\\Routing\\Router->dispatchToRoute()
#12 /var/www/html/2021/MINEPROGRAM/backEnd/vendor/laravel/framework/src/Illuminate/Foundation/Http/Kernel.php(166): Illuminate\\Routing\\Router->dispatch()
#13 /var/www/html/2021/MINEPROGRAM/backEnd/vendor/laravel/framework/src/Illuminate/Pipeline/Pipeline.php(128): Illuminate\\Foundation\\Http\\Kernel->Illuminate\\Foundation\\Http\\{closure}()
#14 /var/www/html/2021/MINEPROGRAM/backEnd/vendor/laravel/framework/src/Illuminate/Foundation/Http/Middleware/TransformsRequest.php(21): Illuminate\\Pipeline\\Pipeline->Illuminate\\Pipeline\\{closure}()
#15 /var/www/html/2021/MINEPROGRAM/backEnd/vendor/laravel/framework/src/Illuminate/Pipeline/Pipeline.php(167): Illuminate\\Foundation\\Http\\Middleware\\TransformsRequest->handle()
#16 /var/www/html/2021/MINEPROGRAM/backEnd/vendor/laravel/framework/src/Illuminate/Foundation/Http/Middleware/TransformsRequest.php(21): Illuminate\\Pipeline\\Pipeline->Illuminate\\Pipeline\\{closure}()
#17 /var/www/html/2021/MINEPROGRAM/backEnd/vendor/laravel/framework/src/Illuminate/Pipeline/Pipeline.php(167): Illuminate\\Foundation\\Http\\Middleware\\TransformsRequest->handle()
#18 /var/www/html/2021/MINEPROGRAM/backEnd/vendor/laravel/framework/src/Illuminate/Foundation/Http/Middleware/ValidatePostSize.php(27): Illuminate\\Pipeline\\Pipeline->Illuminate\\Pipeline\\{closure}()
#19 /var/www/html/2021/MINEPROGRAM/backEnd/vendor/laravel/framework/src/Illuminate/Pipeline/Pipeline.php(167): Illuminate\\Foundation\\Http\\Middleware\\ValidatePostSize->handle()
#20 /var/www/html/2021/MINEPROGRAM/backEnd/vendor/laravel/framework/src/Illuminate/Foundation/Http/Middleware/PreventRequestsDuringMaintenance.php(87): Illuminate\\Pipeline\\Pipeline->Illuminate\\Pipeline\\{closure}()
#21 /var/www/html/2021/MINEPROGRAM/backEnd/vendor/laravel/framework/src/Illuminate/Pipeline/Pipeline.php(167): Illuminate\\Foundation\\Http\\Middleware\\PreventRequestsDuringMaintenance->handle()
#22 /var/www/html/2021/MINEPROGRAM/backEnd/vendor/fruitcake/laravel-cors/src/HandleCors.php(57): Illuminate\\Pipeline\\Pipeline->Illuminate\\Pipeline\\{closure}()
#23 /var/www/html/2021/MINEPROGRAM/backEnd/vendor/laravel/framework/src/Illuminate/Pipeline/Pipeline.php(167): Fruitcake\\Cors\\HandleCors->handle()
#24 /var/www/html/2021/MINEPROGRAM/backEnd/vendor/fideloper/proxy/src/TrustProxies.php(57): Illuminate\\Pipeline\\Pipeline->Illuminate\\Pipeline\\{closure}()
#25 /var/www/html/2021/MINEPROGRAM/backEnd/vendor/laravel/framework/src/Illuminate/Pipeline/Pipeline.php(167): Fideloper\\Proxy\\TrustProxies->handle()
#26 /var/www/html/2021/MINEPROGRAM/backEnd/vendor/laravel/framework/src/Illuminate/Pipeline/Pipeline.php(103): Illuminate\\Pipeline\\Pipeline->Illuminate\\Pipeline\\{closure}()
#27 /var/www/html/2021/MINEPROGRAM/backEnd/vendor/laravel/framework/src/Illuminate/Foundation/Http/Kernel.php(141): Illuminate\\Pipeline\\Pipeline->then()
#28 /var/www/html/2021/MINEPROGRAM/backEnd/vendor/laravel/framework/src/Illuminate/Foundation/Http/Kernel.php(110): Illuminate\\Foundation\\Http\\Kernel->sendRequestThroughRouter()
#29 /var/www/html/2021/MINEPROGRAM/backEnd/public/index.php(52): Illuminate\\Foundation\\Http\\Kernel->handle()
#30 /var/www/html/2021/MINEPROGRAM/backEnd/server.php(21): require_once('/var/www/html/2...')
#31 {main}

[previous exception] [object] (ReflectionException(code: -1): Class Api\\AuthController does not exist at /var/www/html/2021/MINEPROGRAM/backEnd/vendor/laravel/framework/src/Illuminate/Container/Container.php:830)
[stacktrace]
#0 /var/www/html/2021/MINEPROGRAM/backEnd/vendor/laravel/framework/src/Illuminate/Container/Container.php(830): ReflectionClass->__construct()
#1 /var/www/html/2021/MINEPROGRAM/backEnd/vendor/laravel/framework/src/Illuminate/Container/Container.php(712): Illuminate\\Container\\Container->build()
#2 /var/www/html/2021/MINEPROGRAM/backEnd/vendor/laravel/framework/src/Illuminate/Foundation/Application.php(796): Illuminate\\Container\\Container->resolve()
#3 /var/www/html/2021/MINEPROGRAM/backEnd/vendor/laravel/framework/src/Illuminate/Container/Container.php(651): Illuminate\\Foundation\\Application->resolve()
#4 /var/www/html/2021/MINEPROGRAM/backEnd/vendor/laravel/framework/src/Illuminate/Foundation/Application.php(781): Illuminate\\Container\\Container->make()
#5 /var/www/html/2021/MINEPROGRAM/backEnd/vendor/laravel/framework/src/Illuminate/Routing/Route.php(268): Illuminate\\Foundation\\Application->make()
#6 /var/www/html/2021/MINEPROGRAM/backEnd/vendor/laravel/framework/src/Illuminate/Routing/Route.php(989): Illuminate\\Routing\\Route->getController()
#7 /var/www/html/2021/MINEPROGRAM/backEnd/vendor/laravel/framework/src/Illuminate/Routing/Route.php(950): Illuminate\\Routing\\Route->controllerMiddleware()
#8 /var/www/html/2021/MINEPROGRAM/backEnd/vendor/laravel/framework/src/Illuminate/Routing/Router.php(709): Illuminate\\Routing\\Route->gatherMiddleware()
#9 /var/www/html/2021/MINEPROGRAM/backEnd/vendor/laravel/framework/src/Illuminate/Routing/Router.php(685): Illuminate\\Routing\\Router->gatherRouteMiddleware()
#10 /var/www/html/2021/MINEPROGRAM/backEnd/vendor/laravel/framework/src/Illuminate/Routing/Router.php(669): Illuminate\\Routing\\Router->runRouteWithinStack()
#11 /var/www/html/2021/MINEPROGRAM/backEnd/vendor/laravel/framework/src/Illuminate/Routing/Router.php(635): Illuminate\\Routing\\Router->runRoute()
#12 /var/www/html/2021/MINEPROGRAM/backEnd/vendor/laravel/framework/src/Illuminate/Routing/Router.php(624): Illuminate\\Routing\\Router->dispatchToRoute()
#13 /var/www/html/2021/MINEPROGRAM/backEnd/vendor/laravel/framework/src/Illuminate/Foundation/Http/Kernel.php(166): Illuminate\\Routing\\Router->dispatch()
#14 /var/www/html/2021/MINEPROGRAM/backEnd/vendor/laravel/framework/src/Illuminate/Pipeline/Pipeline.php(128): Illuminate\\Foundation\\Http\\Kernel->Illuminate\\Foundation\\Http\\{closure}()
#15 /var/www/html/2021/MINEPROGRAM/backEnd/vendor/laravel/framework/src/Illuminate/Foundation/Http/Middleware/TransformsRequest.php(21): Illuminate\\Pipeline\\Pipeline->Illuminate\\Pipeline\\{closure}()
#16 /var/www/html/2021/MINEPROGRAM/backEnd/vendor/laravel/framework/src/Illuminate/Pipeline/Pipeline.php(167): Illuminate\\Foundation\\Http\\Middleware\\TransformsRequest->handle()
#17 /var/www/html/2021/MINEPROGRAM/backEnd/vendor/laravel/framework/src/Illuminate/Foundation/Http/Middleware/TransformsRequest.php(21): Illuminate\\Pipeline\\Pipeline->Illuminate\\Pipeline\\{closure}()
#18 /var/www/html/2021/MINEPROGRAM/backEnd/vendor/laravel/framework/src/Illuminate/Pipeline/Pipeline.php(167): Illuminate\\Foundation\\Http\\Middleware\\TransformsRequest->handle()
#19 /var/www/html/2021/MINEPROGRAM/backEnd/vendor/laravel/framework/src/Illuminate/Foundation/Http/Middleware/ValidatePostSize.php(27): Illuminate\\Pipeline\\Pipeline->Illuminate\\Pipeline\\{closure}()
#20 /var/www/html/2021/MINEPROGRAM/backEnd/vendor/laravel/framework/src/Illuminate/Pipeline/Pipeline.php(167): Illuminate\\Foundation\\Http\\Middleware\\ValidatePostSize->handle()
#21 /var/www/html/2021/MINEPROGRAM/backEnd/vendor/laravel/framework/src/Illuminate/Foundation/Http/Middleware/PreventRequestsDuringMaintenance.php(87): Illuminate\\Pipeline\\Pipeline->Illuminate\\Pipeline\\{closure}()
#22 /var/www/html/2021/MINEPROGRAM/backEnd/vendor/laravel/framework/src/Illuminate/Pipeline/Pipeline.php(167): Illuminate\\Foundation\\Http\\Middleware\\PreventRequestsDuringMaintenance->handle()
#23 /var/www/html/2021/MINEPROGRAM/backEnd/vendor/fruitcake/laravel-cors/src/HandleCors.php(57): Illuminate\\Pipeline\\Pipeline->Illuminate\\Pipeline\\{closure}()
#24 /var/www/html/2021/MINEPROGRAM/backEnd/vendor/laravel/framework/src/Illuminate/Pipeline/Pipeline.php(167): Fruitcake\\Cors\\HandleCors->handle()
#25 /var/www/html/2021/MINEPROGRAM/backEnd/vendor/fideloper/proxy/src/TrustProxies.php(57): Illuminate\\Pipeline\\Pipeline->Illuminate\\Pipeline\\{closure}()
#26 /var/www/html/2021/MINEPROGRAM/backEnd/vendor/laravel/framework/src/Illuminate/Pipeline/Pipeline.php(167): Fideloper\\Proxy\\TrustProxies->handle()
#27 /var/www/html/2021/MINEPROGRAM/backEnd/vendor/laravel/framework/src/Illuminate/Pipeline/Pipeline.php(103): Illuminate\\Pipeline\\Pipeline->Illuminate\\Pipeline\\{closure}()
#28 /var/www/html/2021/MINEPROGRAM/backEnd/vendor/laravel/framework/src/Illuminate/Foundation/Http/Kernel.php(141): Illuminate\\Pipeline\\Pipeline->then()
#29 /var/www/html/2021/MINEPROGRAM/backEnd/vendor/laravel/framework/src/Illuminate/Foundation/Http/Kernel.php(110): Illuminate\\Foundation\\Http\\Kernel->sendRequestThroughRouter()
#30 /var/www/html/2021/MINEPROGRAM/backEnd/public/index.php(52): Illuminate\\Foundation\\Http\\Kernel->handle()
#31 /var/www/html/2021/MINEPROGRAM/backEnd/server.php(21): require_once('/var/www/html/2...')
#32 {main}
"} 
[2020-12-31 11:43:13] local.ERROR: Target class [API\AuthController] does not exist. {"exception":"[object] (Illuminate\\Contracts\\Container\\BindingResolutionException(code: 0): Target class [API\\AuthController] does not exist. at /var/www/html/2021/MINEPROGRAM/backEnd/vendor/laravel/framework/src/Illuminate/Container/Container.php:832)
[stacktrace]
#0 /var/www/html/2021/MINEPROGRAM/backEnd/vendor/laravel/framework/src/Illuminate/Container/Container.php(712): Illuminate\\Container\\Container->build()
#1 /var/www/html/2021/MINEPROGRAM/backEnd/vendor/laravel/framework/src/Illuminate/Foundation/Application.php(796): Illuminate\\Container\\Container->resolve()
#2 /var/www/html/2021/MINEPROGRAM/backEnd/vendor/laravel/framework/src/Illuminate/Container/Container.php(651): Illuminate\\Foundation\\Application->resolve()
#3 /var/www/html/2021/MINEPROGRAM/backEnd/vendor/laravel/framework/src/Illuminate/Foundation/Application.php(781): Illuminate\\Container\\Container->make()
#4 /var/www/html/2021/MINEPROGRAM/backEnd/vendor/laravel/framework/src/Illuminate/Routing/Route.php(268): Illuminate\\Foundation\\Application->make()
#5 /var/www/html/2021/MINEPROGRAM/backEnd/vendor/laravel/framework/src/Illuminate/Routing/Route.php(989): Illuminate\\Routing\\Route->getController()
#6 /var/www/html/2021/MINEPROGRAM/backEnd/vendor/laravel/framework/src/Illuminate/Routing/Route.php(950): Illuminate\\Routing\\Route->controllerMiddleware()
#7 /var/www/html/2021/MINEPROGRAM/backEnd/vendor/laravel/framework/src/Illuminate/Routing/Router.php(709): Illuminate\\Routing\\Route->gatherMiddleware()
#8 /var/www/html/2021/MINEPROGRAM/backEnd/vendor/laravel/framework/src/Illuminate/Routing/Router.php(685): Illuminate\\Routing\\Router->gatherRouteMiddleware()
#9 /var/www/html/2021/MINEPROGRAM/backEnd/vendor/laravel/framework/src/Illuminate/Routing/Router.php(669): Illuminate\\Routing\\Router->runRouteWithinStack()
#10 /var/www/html/2021/MINEPROGRAM/backEnd/vendor/laravel/framework/src/Illuminate/Routing/Router.php(635): Illuminate\\Routing\\Router->runRoute()
#11 /var/www/html/2021/MINEPROGRAM/backEnd/vendor/laravel/framework/src/Illuminate/Routing/Router.php(624): Illuminate\\Routing\\Router->dispatchToRoute()
#12 /var/www/html/2021/MINEPROGRAM/backEnd/vendor/laravel/framework/src/Illuminate/Foundation/Http/Kernel.php(166): Illuminate\\Routing\\Router->dispatch()
#13 /var/www/html/2021/MINEPROGRAM/backEnd/vendor/laravel/framework/src/Illuminate/Pipeline/Pipeline.php(128): Illuminate\\Foundation\\Http\\Kernel->Illuminate\\Foundation\\Http\\{closure}()
#14 /var/www/html/2021/MINEPROGRAM/backEnd/vendor/laravel/framework/src/Illuminate/Foundation/Http/Middleware/TransformsRequest.php(21): Illuminate\\Pipeline\\Pipeline->Illuminate\\Pipeline\\{closure}()
#15 /var/www/html/2021/MINEPROGRAM/backEnd/vendor/laravel/framework/src/Illuminate/Pipeline/Pipeline.php(167): Illuminate\\Foundation\\Http\\Middleware\\TransformsRequest->handle()
#16 /var/www/html/2021/MINEPROGRAM/backEnd/vendor/laravel/framework/src/Illuminate/Foundation/Http/Middleware/TransformsRequest.php(21): Illuminate\\Pipeline\\Pipeline->Illuminate\\Pipeline\\{closure}()
#17 /var/www/html/2021/MINEPROGRAM/backEnd/vendor/laravel/framework/src/Illuminate/Pipeline/Pipeline.php(167): Illuminate\\Foundation\\Http\\Middleware\\TransformsRequest->handle()
#18 /var/www/html/2021/MINEPROGRAM/backEnd/vendor/laravel/framework/src/Illuminate/Foundation/Http/Middleware/ValidatePostSize.php(27): Illuminate\\Pipeline\\Pipeline->Illuminate\\Pipeline\\{closure}()
#19 /var/www/html/2021/MINEPROGRAM/backEnd/vendor/laravel/framework/src/Illuminate/Pipeline/Pipeline.php(167): Illuminate\\Foundation\\Http\\Middleware\\ValidatePostSize->handle()
#20 /var/www/html/2021/MINEPROGRAM/backEnd/vendor/laravel/framework/src/Illuminate/Foundation/Http/Middleware/PreventRequestsDuringMaintenance.php(87): Illuminate\\Pipeline\\Pipeline->Illuminate\\Pipeline\\{closure}()
#21 /var/www/html/2021/MINEPROGRAM/backEnd/vendor/laravel/framework/src/Illuminate/Pipeline/Pipeline.php(167): Illuminate\\Foundation\\Http\\Middleware\\PreventRequestsDuringMaintenance->handle()
#22 /var/www/html/2021/MINEPROGRAM/backEnd/vendor/fruitcake/laravel-cors/src/HandleCors.php(57): Illuminate\\Pipeline\\Pipeline->Illuminate\\Pipeline\\{closure}()
#23 /var/www/html/2021/MINEPROGRAM/backEnd/vendor/laravel/framework/src/Illuminate/Pipeline/Pipeline.php(167): Fruitcake\\Cors\\HandleCors->handle()
#24 /var/www/html/2021/MINEPROGRAM/backEnd/vendor/fideloper/proxy/src/TrustProxies.php(57): Illuminate\\Pipeline\\Pipeline->Illuminate\\Pipeline\\{closure}()
#25 /var/www/html/2021/MINEPROGRAM/backEnd/vendor/laravel/framework/src/Illuminate/Pipeline/Pipeline.php(167): Fideloper\\Proxy\\TrustProxies->handle()
#26 /var/www/html/2021/MINEPROGRAM/backEnd/vendor/laravel/framework/src/Illuminate/Pipeline/Pipeline.php(103): Illuminate\\Pipeline\\Pipeline->Illuminate\\Pipeline\\{closure}()
#27 /var/www/html/2021/MINEPROGRAM/backEnd/vendor/laravel/framework/src/Illuminate/Foundation/Http/Kernel.php(141): Illuminate\\Pipeline\\Pipeline->then()
#28 /var/www/html/2021/MINEPROGRAM/backEnd/vendor/laravel/framework/src/Illuminate/Foundation/Http/Kernel.php(110): Illuminate\\Foundation\\Http\\Kernel->sendRequestThroughRouter()
#29 /var/www/html/2021/MINEPROGRAM/backEnd/public/index.php(52): Illuminate\\Foundation\\Http\\Kernel->handle()
#30 /var/www/html/2021/MINEPROGRAM/backEnd/server.php(21): require_once('/var/www/html/2...')
#31 {main}

[previous exception] [object] (ReflectionException(code: -1): Class API\\AuthController does not exist at /var/www/html/2021/MINEPROGRAM/backEnd/vendor/laravel/framework/src/Illuminate/Container/Container.php:830)
[stacktrace]
#0 /var/www/html/2021/MINEPROGRAM/backEnd/vendor/laravel/framework/src/Illuminate/Container/Container.php(830): ReflectionClass->__construct()
#1 /var/www/html/2021/MINEPROGRAM/backEnd/vendor/laravel/framework/src/Illuminate/Container/Container.php(712): Illuminate\\Container\\Container->build()
#2 /var/www/html/2021/MINEPROGRAM/backEnd/vendor/laravel/framework/src/Illuminate/Foundation/Application.php(796): Illuminate\\Container\\Container->resolve()
#3 /var/www/html/2021/MINEPROGRAM/backEnd/vendor/laravel/framework/src/Illuminate/Container/Container.php(651): Illuminate\\Foundation\\Application->resolve()
#4 /var/www/html/2021/MINEPROGRAM/backEnd/vendor/laravel/framework/src/Illuminate/Foundation/Application.php(781): Illuminate\\Container\\Container->make()
#5 /var/www/html/2021/MINEPROGRAM/backEnd/vendor/laravel/framework/src/Illuminate/Routing/Route.php(268): Illuminate\\Foundation\\Application->make()
#6 /var/www/html/2021/MINEPROGRAM/backEnd/vendor/laravel/framework/src/Illuminate/Routing/Route.php(989): Illuminate\\Routing\\Route->getController()
#7 /var/www/html/2021/MINEPROGRAM/backEnd/vendor/laravel/framework/src/Illuminate/Routing/Route.php(950): Illuminate\\Routing\\Route->controllerMiddleware()
#8 /var/www/html/2021/MINEPROGRAM/backEnd/vendor/laravel/framework/src/Illuminate/Routing/Router.php(709): Illuminate\\Routing\\Route->gatherMiddleware()
#9 /var/www/html/2021/MINEPROGRAM/backEnd/vendor/laravel/framework/src/Illuminate/Routing/Router.php(685): Illuminate\\Routing\\Router->gatherRouteMiddleware()
#10 /var/www/html/2021/MINEPROGRAM/backEnd/vendor/laravel/framework/src/Illuminate/Routing/Router.php(669): Illuminate\\Routing\\Router->runRouteWithinStack()
#11 /var/www/html/2021/MINEPROGRAM/backEnd/vendor/laravel/framework/src/Illuminate/Routing/Router.php(635): Illuminate\\Routing\\Router->runRoute()
#12 /var/www/html/2021/MINEPROGRAM/backEnd/vendor/laravel/framework/src/Illuminate/Routing/Router.php(624): Illuminate\\Routing\\Router->dispatchToRoute()
#13 /var/www/html/2021/MINEPROGRAM/backEnd/vendor/laravel/framework/src/Illuminate/Foundation/Http/Kernel.php(166): Illuminate\\Routing\\Router->dispatch()
#14 /var/www/html/2021/MINEPROGRAM/backEnd/vendor/laravel/framework/src/Illuminate/Pipeline/Pipeline.php(128): Illuminate\\Foundation\\Http\\Kernel->Illuminate\\Foundation\\Http\\{closure}()
#15 /var/www/html/2021/MINEPROGRAM/backEnd/vendor/laravel/framework/src/Illuminate/Foundation/Http/Middleware/TransformsRequest.php(21): Illuminate\\Pipeline\\Pipeline->Illuminate\\Pipeline\\{closure}()
#16 /var/www/html/2021/MINEPROGRAM/backEnd/vendor/laravel/framework/src/Illuminate/Pipeline/Pipeline.php(167): Illuminate\\Foundation\\Http\\Middleware\\TransformsRequest->handle()
#17 /var/www/html/2021/MINEPROGRAM/backEnd/vendor/laravel/framework/src/Illuminate/Foundation/Http/Middleware/TransformsRequest.php(21): Illuminate\\Pipeline\\Pipeline->Illuminate\\Pipeline\\{closure}()
#18 /var/www/html/2021/MINEPROGRAM/backEnd/vendor/laravel/framework/src/Illuminate/Pipeline/Pipeline.php(167): Illuminate\\Foundation\\Http\\Middleware\\TransformsRequest->handle()
#19 /var/www/html/2021/MINEPROGRAM/backEnd/vendor/laravel/framework/src/Illuminate/Foundation/Http/Middleware/ValidatePostSize.php(27): Illuminate\\Pipeline\\Pipeline->Illuminate\\Pipeline\\{closure}()
#20 /var/www/html/2021/MINEPROGRAM/backEnd/vendor/laravel/framework/src/Illuminate/Pipeline/Pipeline.php(167): Illuminate\\Foundation\\Http\\Middleware\\ValidatePostSize->handle()
#21 /var/www/html/2021/MINEPROGRAM/backEnd/vendor/laravel/framework/src/Illuminate/Foundation/Http/Middleware/PreventRequestsDuringMaintenance.php(87): Illuminate\\Pipeline\\Pipeline->Illuminate\\Pipeline\\{closure}()
#22 /var/www/html/2021/MINEPROGRAM/backEnd/vendor/laravel/framework/src/Illuminate/Pipeline/Pipeline.php(167): Illuminate\\Foundation\\Http\\Middleware\\PreventRequestsDuringMaintenance->handle()
#23 /var/www/html/2021/MINEPROGRAM/backEnd/vendor/fruitcake/laravel-cors/src/HandleCors.php(57): Illuminate\\Pipeline\\Pipeline->Illuminate\\Pipeline\\{closure}()
#24 /var/www/html/2021/MINEPROGRAM/backEnd/vendor/laravel/framework/src/Illuminate/Pipeline/Pipeline.php(167): Fruitcake\\Cors\\HandleCors->handle()
#25 /var/www/html/2021/MINEPROGRAM/backEnd/vendor/fideloper/proxy/src/TrustProxies.php(57): Illuminate\\Pipeline\\Pipeline->Illuminate\\Pipeline\\{closure}()
#26 /var/www/html/2021/MINEPROGRAM/backEnd/vendor/laravel/framework/src/Illuminate/Pipeline/Pipeline.php(167): Fideloper\\Proxy\\TrustProxies->handle()
#27 /var/www/html/2021/MINEPROGRAM/backEnd/vendor/laravel/framework/src/Illuminate/Pipeline/Pipeline.php(103): Illuminate\\Pipeline\\Pipeline->Illuminate\\Pipeline\\{closure}()
#28 /var/www/html/2021/MINEPROGRAM/backEnd/vendor/laravel/framework/src/Illuminate/Foundation/Http/Kernel.php(141): Illuminate\\Pipeline\\Pipeline->then()
#29 /var/www/html/2021/MINEPROGRAM/backEnd/vendor/laravel/framework/src/Illuminate/Foundation/Http/Kernel.php(110): Illuminate\\Foundation\\Http\\Kernel->sendRequestThroughRouter()
#30 /var/www/html/2021/MINEPROGRAM/backEnd/public/index.php(52): Illuminate\\Foundation\\Http\\Kernel->handle()
#31 /var/www/html/2021/MINEPROGRAM/backEnd/server.php(21): require_once('/var/www/html/2...')
#32 {main}
"} 
[2020-12-31 11:43:58] local.ERROR: Target class [API\AuthController] does not exist. {"exception":"[object] (Illuminate\\Contracts\\Container\\BindingResolutionException(code: 0): Target class [API\\AuthController] does not exist. at /var/www/html/2021/MINEPROGRAM/backEnd/vendor/laravel/framework/src/Illuminate/Container/Container.php:832)
[stacktrace]
#0 /var/www/html/2021/MINEPROGRAM/backEnd/vendor/laravel/framework/src/Illuminate/Container/Container.php(712): Illuminate\\Container\\Container->build()
#1 /var/www/html/2021/MINEPROGRAM/backEnd/vendor/laravel/framework/src/Illuminate/Foundation/Application.php(796): Illuminate\\Container\\Container->resolve()
#2 /var/www/html/2021/MINEPROGRAM/backEnd/vendor/laravel/framework/src/Illuminate/Container/Container.php(651): Illuminate\\Foundation\\Application->resolve()
#3 /var/www/html/2021/MINEPROGRAM/backEnd/vendor/laravel/framework/src/Illuminate/Foundation/Application.php(781): Illuminate\\Container\\Container->make()
#4 /var/www/html/2021/MINEPROGRAM/backEnd/vendor/laravel/framework/src/Illuminate/Routing/Route.php(268): Illuminate\\Foundation\\Application->make()
#5 /var/www/html/2021/MINEPROGRAM/backEnd/vendor/laravel/framework/src/Illuminate/Routing/Route.php(989): Illuminate\\Routing\\Route->getController()
#6 /var/www/html/2021/MINEPROGRAM/backEnd/vendor/laravel/framework/src/Illuminate/Routing/Route.php(950): Illuminate\\Routing\\Route->controllerMiddleware()
#7 /var/www/html/2021/MINEPROGRAM/backEnd/vendor/laravel/framework/src/Illuminate/Routing/Router.php(709): Illuminate\\Routing\\Route->gatherMiddleware()
#8 /var/www/html/2021/MINEPROGRAM/backEnd/vendor/laravel/framework/src/Illuminate/Routing/Router.php(685): Illuminate\\Routing\\Router->gatherRouteMiddleware()
#9 /var/www/html/2021/MINEPROGRAM/backEnd/vendor/laravel/framework/src/Illuminate/Routing/Router.php(669): Illuminate\\Routing\\Router->runRouteWithinStack()
#10 /var/www/html/2021/MINEPROGRAM/backEnd/vendor/laravel/framework/src/Illuminate/Routing/Router.php(635): Illuminate\\Routing\\Router->runRoute()
#11 /var/www/html/2021/MINEPROGRAM/backEnd/vendor/laravel/framework/src/Illuminate/Routing/Router.php(624): Illuminate\\Routing\\Router->dispatchToRoute()
#12 /var/www/html/2021/MINEPROGRAM/backEnd/vendor/laravel/framework/src/Illuminate/Foundation/Http/Kernel.php(166): Illuminate\\Routing\\Router->dispatch()
#13 /var/www/html/2021/MINEPROGRAM/backEnd/vendor/laravel/framework/src/Illuminate/Pipeline/Pipeline.php(128): Illuminate\\Foundation\\Http\\Kernel->Illuminate\\Foundation\\Http\\{closure}()
#14 /var/www/html/2021/MINEPROGRAM/backEnd/vendor/laravel/framework/src/Illuminate/Foundation/Http/Middleware/TransformsRequest.php(21): Illuminate\\Pipeline\\Pipeline->Illuminate\\Pipeline\\{closure}()
#15 /var/www/html/2021/MINEPROGRAM/backEnd/vendor/laravel/framework/src/Illuminate/Pipeline/Pipeline.php(167): Illuminate\\Foundation\\Http\\Middleware\\TransformsRequest->handle()
#16 /var/www/html/2021/MINEPROGRAM/backEnd/vendor/laravel/framework/src/Illuminate/Foundation/Http/Middleware/TransformsRequest.php(21): Illuminate\\Pipeline\\Pipeline->Illuminate\\Pipeline\\{closure}()
#17 /var/www/html/2021/MINEPROGRAM/backEnd/vendor/laravel/framework/src/Illuminate/Pipeline/Pipeline.php(167): Illuminate\\Foundation\\Http\\Middleware\\TransformsRequest->handle()
#18 /var/www/html/2021/MINEPROGRAM/backEnd/vendor/laravel/framework/src/Illuminate/Foundation/Http/Middleware/ValidatePostSize.php(27): Illuminate\\Pipeline\\Pipeline->Illuminate\\Pipeline\\{closure}()
#19 /var/www/html/2021/MINEPROGRAM/backEnd/vendor/laravel/framework/src/Illuminate/Pipeline/Pipeline.php(167): Illuminate\\Foundation\\Http\\Middleware\\ValidatePostSize->handle()
#20 /var/www/html/2021/MINEPROGRAM/backEnd/vendor/laravel/framework/src/Illuminate/Foundation/Http/Middleware/PreventRequestsDuringMaintenance.php(87): Illuminate\\Pipeline\\Pipeline->Illuminate\\Pipeline\\{closure}()
#21 /var/www/html/2021/MINEPROGRAM/backEnd/vendor/laravel/framework/src/Illuminate/Pipeline/Pipeline.php(167): Illuminate\\Foundation\\Http\\Middleware\\PreventRequestsDuringMaintenance->handle()
#22 /var/www/html/2021/MINEPROGRAM/backEnd/vendor/fruitcake/laravel-cors/src/HandleCors.php(57): Illuminate\\Pipeline\\Pipeline->Illuminate\\Pipeline\\{closure}()
#23 /var/www/html/2021/MINEPROGRAM/backEnd/vendor/laravel/framework/src/Illuminate/Pipeline/Pipeline.php(167): Fruitcake\\Cors\\HandleCors->handle()
#24 /var/www/html/2021/MINEPROGRAM/backEnd/vendor/fideloper/proxy/src/TrustProxies.php(57): Illuminate\\Pipeline\\Pipeline->Illuminate\\Pipeline\\{closure}()
#25 /var/www/html/2021/MINEPROGRAM/backEnd/vendor/laravel/framework/src/Illuminate/Pipeline/Pipeline.php(167): Fideloper\\Proxy\\TrustProxies->handle()
#26 /var/www/html/2021/MINEPROGRAM/backEnd/vendor/laravel/framework/src/Illuminate/Pipeline/Pipeline.php(103): Illuminate\\Pipeline\\Pipeline->Illuminate\\Pipeline\\{closure}()
#27 /var/www/html/2021/MINEPROGRAM/backEnd/vendor/laravel/framework/src/Illuminate/Foundation/Http/Kernel.php(141): Illuminate\\Pipeline\\Pipeline->then()
#28 /var/www/html/2021/MINEPROGRAM/backEnd/vendor/laravel/framework/src/Illuminate/Foundation/Http/Kernel.php(110): Illuminate\\Foundation\\Http\\Kernel->sendRequestThroughRouter()
#29 /var/www/html/2021/MINEPROGRAM/backEnd/public/index.php(52): Illuminate\\Foundation\\Http\\Kernel->handle()
#30 /var/www/html/2021/MINEPROGRAM/backEnd/server.php(21): require_once('/var/www/html/2...')
#31 {main}

[previous exception] [object] (ReflectionException(code: -1): Class API\\AuthController does not exist at /var/www/html/2021/MINEPROGRAM/backEnd/vendor/laravel/framework/src/Illuminate/Container/Container.php:830)
[stacktrace]
#0 /var/www/html/2021/MINEPROGRAM/backEnd/vendor/laravel/framework/src/Illuminate/Container/Container.php(830): ReflectionClass->__construct()
#1 /var/www/html/2021/MINEPROGRAM/backEnd/vendor/laravel/framework/src/Illuminate/Container/Container.php(712): Illuminate\\Container\\Container->build()
#2 /var/www/html/2021/MINEPROGRAM/backEnd/vendor/laravel/framework/src/Illuminate/Foundation/Application.php(796): Illuminate\\Container\\Container->resolve()
#3 /var/www/html/2021/MINEPROGRAM/backEnd/vendor/laravel/framework/src/Illuminate/Container/Container.php(651): Illuminate\\Foundation\\Application->resolve()
#4 /var/www/html/2021/MINEPROGRAM/backEnd/vendor/laravel/framework/src/Illuminate/Foundation/Application.php(781): Illuminate\\Container\\Container->make()
#5 /var/www/html/2021/MINEPROGRAM/backEnd/vendor/laravel/framework/src/Illuminate/Routing/Route.php(268): Illuminate\\Foundation\\Application->make()
#6 /var/www/html/2021/MINEPROGRAM/backEnd/vendor/laravel/framework/src/Illuminate/Routing/Route.php(989): Illuminate\\Routing\\Route->getController()
#7 /var/www/html/2021/MINEPROGRAM/backEnd/vendor/laravel/framework/src/Illuminate/Routing/Route.php(950): Illuminate\\Routing\\Route->controllerMiddleware()
#8 /var/www/html/2021/MINEPROGRAM/backEnd/vendor/laravel/framework/src/Illuminate/Routing/Router.php(709): Illuminate\\Routing\\Route->gatherMiddleware()
#9 /var/www/html/2021/MINEPROGRAM/backEnd/vendor/laravel/framework/src/Illuminate/Routing/Router.php(685): Illuminate\\Routing\\Router->gatherRouteMiddleware()
#10 /var/www/html/2021/MINEPROGRAM/backEnd/vendor/laravel/framework/src/Illuminate/Routing/Router.php(669): Illuminate\\Routing\\Router->runRouteWithinStack()
#11 /var/www/html/2021/MINEPROGRAM/backEnd/vendor/laravel/framework/src/Illuminate/Routing/Router.php(635): Illuminate\\Routing\\Router->runRoute()
#12 /var/www/html/2021/MINEPROGRAM/backEnd/vendor/laravel/framework/src/Illuminate/Routing/Router.php(624): Illuminate\\Routing\\Router->dispatchToRoute()
#13 /var/www/html/2021/MINEPROGRAM/backEnd/vendor/laravel/framework/src/Illuminate/Foundation/Http/Kernel.php(166): Illuminate\\Routing\\Router->dispatch()
#14 /var/www/html/2021/MINEPROGRAM/backEnd/vendor/laravel/framework/src/Illuminate/Pipeline/Pipeline.php(128): Illuminate\\Foundation\\Http\\Kernel->Illuminate\\Foundation\\Http\\{closure}()
#15 /var/www/html/2021/MINEPROGRAM/backEnd/vendor/laravel/framework/src/Illuminate/Foundation/Http/Middleware/TransformsRequest.php(21): Illuminate\\Pipeline\\Pipeline->Illuminate\\Pipeline\\{closure}()
#16 /var/www/html/2021/MINEPROGRAM/backEnd/vendor/laravel/framework/src/Illuminate/Pipeline/Pipeline.php(167): Illuminate\\Foundation\\Http\\Middleware\\TransformsRequest->handle()
#17 /var/www/html/2021/MINEPROGRAM/backEnd/vendor/laravel/framework/src/Illuminate/Foundation/Http/Middleware/TransformsRequest.php(21): Illuminate\\Pipeline\\Pipeline->Illuminate\\Pipeline\\{closure}()
#18 /var/www/html/2021/MINEPROGRAM/backEnd/vendor/laravel/framework/src/Illuminate/Pipeline/Pipeline.php(167): Illuminate\\Foundation\\Http\\Middleware\\TransformsRequest->handle()
#19 /var/www/html/2021/MINEPROGRAM/backEnd/vendor/laravel/framework/src/Illuminate/Foundation/Http/Middleware/ValidatePostSize.php(27): Illuminate\\Pipeline\\Pipeline->Illuminate\\Pipeline\\{closure}()
#20 /var/www/html/2021/MINEPROGRAM/backEnd/vendor/laravel/framework/src/Illuminate/Pipeline/Pipeline.php(167): Illuminate\\Foundation\\Http\\Middleware\\ValidatePostSize->handle()
#21 /var/www/html/2021/MINEPROGRAM/backEnd/vendor/laravel/framework/src/Illuminate/Foundation/Http/Middleware/PreventRequestsDuringMaintenance.php(87): Illuminate\\Pipeline\\Pipeline->Illuminate\\Pipeline\\{closure}()
#22 /var/www/html/2021/MINEPROGRAM/backEnd/vendor/laravel/framework/src/Illuminate/Pipeline/Pipeline.php(167): Illuminate\\Foundation\\Http\\Middleware\\PreventRequestsDuringMaintenance->handle()
#23 /var/www/html/2021/MINEPROGRAM/backEnd/vendor/fruitcake/laravel-cors/src/HandleCors.php(57): Illuminate\\Pipeline\\Pipeline->Illuminate\\Pipeline\\{closure}()
#24 /var/www/html/2021/MINEPROGRAM/backEnd/vendor/laravel/framework/src/Illuminate/Pipeline/Pipeline.php(167): Fruitcake\\Cors\\HandleCors->handle()
#25 /var/www/html/2021/MINEPROGRAM/backEnd/vendor/fideloper/proxy/src/TrustProxies.php(57): Illuminate\\Pipeline\\Pipeline->Illuminate\\Pipeline\\{closure}()
#26 /var/www/html/2021/MINEPROGRAM/backEnd/vendor/laravel/framework/src/Illuminate/Pipeline/Pipeline.php(167): Fideloper\\Proxy\\TrustProxies->handle()
#27 /var/www/html/2021/MINEPROGRAM/backEnd/vendor/laravel/framework/src/Illuminate/Pipeline/Pipeline.php(103): Illuminate\\Pipeline\\Pipeline->Illuminate\\Pipeline\\{closure}()
#28 /var/www/html/2021/MINEPROGRAM/backEnd/vendor/laravel/framework/src/Illuminate/Foundation/Http/Kernel.php(141): Illuminate\\Pipeline\\Pipeline->then()
#29 /var/www/html/2021/MINEPROGRAM/backEnd/vendor/laravel/framework/src/Illuminate/Foundation/Http/Kernel.php(110): Illuminate\\Foundation\\Http\\Kernel->sendRequestThroughRouter()
#30 /var/www/html/2021/MINEPROGRAM/backEnd/public/index.php(52): Illuminate\\Foundation\\Http\\Kernel->handle()
#31 /var/www/html/2021/MINEPROGRAM/backEnd/server.php(21): require_once('/var/www/html/2...')
#32 {main}
"} 
[2020-12-31 11:44:55] local.ERROR: Target class [API\AuthController] does not exist. {"exception":"[object] (Illuminate\\Contracts\\Container\\BindingResolutionException(code: 0): Target class [API\\AuthController] does not exist. at /var/www/html/2021/MINEPROGRAM/backEnd/vendor/laravel/framework/src/Illuminate/Container/Container.php:832)
[stacktrace]
#0 /var/www/html/2021/MINEPROGRAM/backEnd/vendor/laravel/framework/src/Illuminate/Container/Container.php(712): Illuminate\\Container\\Container->build()
#1 /var/www/html/2021/MINEPROGRAM/backEnd/vendor/laravel/framework/src/Illuminate/Foundation/Application.php(796): Illuminate\\Container\\Container->resolve()
#2 /var/www/html/2021/MINEPROGRAM/backEnd/vendor/laravel/framework/src/Illuminate/Container/Container.php(651): Illuminate\\Foundation\\Application->resolve()
#3 /var/www/html/2021/MINEPROGRAM/backEnd/vendor/laravel/framework/src/Illuminate/Foundation/Application.php(781): Illuminate\\Container\\Container->make()
#4 /var/www/html/2021/MINEPROGRAM/backEnd/vendor/laravel/framework/src/Illuminate/Routing/Route.php(268): Illuminate\\Foundation\\Application->make()
#5 /var/www/html/2021/MINEPROGRAM/backEnd/vendor/laravel/framework/src/Illuminate/Routing/Route.php(989): Illuminate\\Routing\\Route->getController()
#6 /var/www/html/2021/MINEPROGRAM/backEnd/vendor/laravel/framework/src/Illuminate/Routing/Route.php(950): Illuminate\\Routing\\Route->controllerMiddleware()
#7 /var/www/html/2021/MINEPROGRAM/backEnd/vendor/laravel/framework/src/Illuminate/Routing/Router.php(709): Illuminate\\Routing\\Route->gatherMiddleware()
#8 /var/www/html/2021/MINEPROGRAM/backEnd/vendor/laravel/framework/src/Illuminate/Routing/Router.php(685): Illuminate\\Routing\\Router->gatherRouteMiddleware()
#9 /var/www/html/2021/MINEPROGRAM/backEnd/vendor/laravel/framework/src/Illuminate/Routing/Router.php(669): Illuminate\\Routing\\Router->runRouteWithinStack()
#10 /var/www/html/2021/MINEPROGRAM/backEnd/vendor/laravel/framework/src/Illuminate/Routing/Router.php(635): Illuminate\\Routing\\Router->runRoute()
#11 /var/www/html/2021/MINEPROGRAM/backEnd/vendor/laravel/framework/src/Illuminate/Routing/Router.php(624): Illuminate\\Routing\\Router->dispatchToRoute()
#12 /var/www/html/2021/MINEPROGRAM/backEnd/vendor/laravel/framework/src/Illuminate/Foundation/Http/Kernel.php(166): Illuminate\\Routing\\Router->dispatch()
#13 /var/www/html/2021/MINEPROGRAM/backEnd/vendor/laravel/framework/src/Illuminate/Pipeline/Pipeline.php(128): Illuminate\\Foundation\\Http\\Kernel->Illuminate\\Foundation\\Http\\{closure}()
#14 /var/www/html/2021/MINEPROGRAM/backEnd/vendor/laravel/framework/src/Illuminate/Foundation/Http/Middleware/TransformsRequest.php(21): Illuminate\\Pipeline\\Pipeline->Illuminate\\Pipeline\\{closure}()
#15 /var/www/html/2021/MINEPROGRAM/backEnd/vendor/laravel/framework/src/Illuminate/Pipeline/Pipeline.php(167): Illuminate\\Foundation\\Http\\Middleware\\TransformsRequest->handle()
#16 /var/www/html/2021/MINEPROGRAM/backEnd/vendor/laravel/framework/src/Illuminate/Foundation/Http/Middleware/TransformsRequest.php(21): Illuminate\\Pipeline\\Pipeline->Illuminate\\Pipeline\\{closure}()
#17 /var/www/html/2021/MINEPROGRAM/backEnd/vendor/laravel/framework/src/Illuminate/Pipeline/Pipeline.php(167): Illuminate\\Foundation\\Http\\Middleware\\TransformsRequest->handle()
#18 /var/www/html/2021/MINEPROGRAM/backEnd/vendor/laravel/framework/src/Illuminate/Foundation/Http/Middleware/ValidatePostSize.php(27): Illuminate\\Pipeline\\Pipeline->Illuminate\\Pipeline\\{closure}()
#19 /var/www/html/2021/MINEPROGRAM/backEnd/vendor/laravel/framework/src/Illuminate/Pipeline/Pipeline.php(167): Illuminate\\Foundation\\Http\\Middleware\\ValidatePostSize->handle()
#20 /var/www/html/2021/MINEPROGRAM/backEnd/vendor/laravel/framework/src/Illuminate/Foundation/Http/Middleware/PreventRequestsDuringMaintenance.php(87): Illuminate\\Pipeline\\Pipeline->Illuminate\\Pipeline\\{closure}()
#21 /var/www/html/2021/MINEPROGRAM/backEnd/vendor/laravel/framework/src/Illuminate/Pipeline/Pipeline.php(167): Illuminate\\Foundation\\Http\\Middleware\\PreventRequestsDuringMaintenance->handle()
#22 /var/www/html/2021/MINEPROGRAM/backEnd/vendor/fruitcake/laravel-cors/src/HandleCors.php(57): Illuminate\\Pipeline\\Pipeline->Illuminate\\Pipeline\\{closure}()
#23 /var/www/html/2021/MINEPROGRAM/backEnd/vendor/laravel/framework/src/Illuminate/Pipeline/Pipeline.php(167): Fruitcake\\Cors\\HandleCors->handle()
#24 /var/www/html/2021/MINEPROGRAM/backEnd/vendor/fideloper/proxy/src/TrustProxies.php(57): Illuminate\\Pipeline\\Pipeline->Illuminate\\Pipeline\\{closure}()
#25 /var/www/html/2021/MINEPROGRAM/backEnd/vendor/laravel/framework/src/Illuminate/Pipeline/Pipeline.php(167): Fideloper\\Proxy\\TrustProxies->handle()
#26 /var/www/html/2021/MINEPROGRAM/backEnd/vendor/laravel/framework/src/Illuminate/Pipeline/Pipeline.php(103): Illuminate\\Pipeline\\Pipeline->Illuminate\\Pipeline\\{closure}()
#27 /var/www/html/2021/MINEPROGRAM/backEnd/vendor/laravel/framework/src/Illuminate/Foundation/Http/Kernel.php(141): Illuminate\\Pipeline\\Pipeline->then()
#28 /var/www/html/2021/MINEPROGRAM/backEnd/vendor/laravel/framework/src/Illuminate/Foundation/Http/Kernel.php(110): Illuminate\\Foundation\\Http\\Kernel->sendRequestThroughRouter()
#29 /var/www/html/2021/MINEPROGRAM/backEnd/public/index.php(52): Illuminate\\Foundation\\Http\\Kernel->handle()
#30 /var/www/html/2021/MINEPROGRAM/backEnd/server.php(21): require_once('/var/www/html/2...')
#31 {main}

[previous exception] [object] (ReflectionException(code: -1): Class API\\AuthController does not exist at /var/www/html/2021/MINEPROGRAM/backEnd/vendor/laravel/framework/src/Illuminate/Container/Container.php:830)
[stacktrace]
#0 /var/www/html/2021/MINEPROGRAM/backEnd/vendor/laravel/framework/src/Illuminate/Container/Container.php(830): ReflectionClass->__construct()
#1 /var/www/html/2021/MINEPROGRAM/backEnd/vendor/laravel/framework/src/Illuminate/Container/Container.php(712): Illuminate\\Container\\Container->build()
#2 /var/www/html/2021/MINEPROGRAM/backEnd/vendor/laravel/framework/src/Illuminate/Foundation/Application.php(796): Illuminate\\Container\\Container->resolve()
#3 /var/www/html/2021/MINEPROGRAM/backEnd/vendor/laravel/framework/src/Illuminate/Container/Container.php(651): Illuminate\\Foundation\\Application->resolve()
#4 /var/www/html/2021/MINEPROGRAM/backEnd/vendor/laravel/framework/src/Illuminate/Foundation/Application.php(781): Illuminate\\Container\\Container->make()
#5 /var/www/html/2021/MINEPROGRAM/backEnd/vendor/laravel/framework/src/Illuminate/Routing/Route.php(268): Illuminate\\Foundation\\Application->make()
#6 /var/www/html/2021/MINEPROGRAM/backEnd/vendor/laravel/framework/src/Illuminate/Routing/Route.php(989): Illuminate\\Routing\\Route->getController()
#7 /var/www/html/2021/MINEPROGRAM/backEnd/vendor/laravel/framework/src/Illuminate/Routing/Route.php(950): Illuminate\\Routing\\Route->controllerMiddleware()
#8 /var/www/html/2021/MINEPROGRAM/backEnd/vendor/laravel/framework/src/Illuminate/Routing/Router.php(709): Illuminate\\Routing\\Route->gatherMiddleware()
#9 /var/www/html/2021/MINEPROGRAM/backEnd/vendor/laravel/framework/src/Illuminate/Routing/Router.php(685): Illuminate\\Routing\\Router->gatherRouteMiddleware()
#10 /var/www/html/2021/MINEPROGRAM/backEnd/vendor/laravel/framework/src/Illuminate/Routing/Router.php(669): Illuminate\\Routing\\Router->runRouteWithinStack()
#11 /var/www/html/2021/MINEPROGRAM/backEnd/vendor/laravel/framework/src/Illuminate/Routing/Router.php(635): Illuminate\\Routing\\Router->runRoute()
#12 /var/www/html/2021/MINEPROGRAM/backEnd/vendor/laravel/framework/src/Illuminate/Routing/Router.php(624): Illuminate\\Routing\\Router->dispatchToRoute()
#13 /var/www/html/2021/MINEPROGRAM/backEnd/vendor/laravel/framework/src/Illuminate/Foundation/Http/Kernel.php(166): Illuminate\\Routing\\Router->dispatch()
#14 /var/www/html/2021/MINEPROGRAM/backEnd/vendor/laravel/framework/src/Illuminate/Pipeline/Pipeline.php(128): Illuminate\\Foundation\\Http\\Kernel->Illuminate\\Foundation\\Http\\{closure}()
#15 /var/www/html/2021/MINEPROGRAM/backEnd/vendor/laravel/framework/src/Illuminate/Foundation/Http/Middleware/TransformsRequest.php(21): Illuminate\\Pipeline\\Pipeline->Illuminate\\Pipeline\\{closure}()
#16 /var/www/html/2021/MINEPROGRAM/backEnd/vendor/laravel/framework/src/Illuminate/Pipeline/Pipeline.php(167): Illuminate\\Foundation\\Http\\Middleware\\TransformsRequest->handle()
#17 /var/www/html/2021/MINEPROGRAM/backEnd/vendor/laravel/framework/src/Illuminate/Foundation/Http/Middleware/TransformsRequest.php(21): Illuminate\\Pipeline\\Pipeline->Illuminate\\Pipeline\\{closure}()
#18 /var/www/html/2021/MINEPROGRAM/backEnd/vendor/laravel/framework/src/Illuminate/Pipeline/Pipeline.php(167): Illuminate\\Foundation\\Http\\Middleware\\TransformsRequest->handle()
#19 /var/www/html/2021/MINEPROGRAM/backEnd/vendor/laravel/framework/src/Illuminate/Foundation/Http/Middleware/ValidatePostSize.php(27): Illuminate\\Pipeline\\Pipeline->Illuminate\\Pipeline\\{closure}()
#20 /var/www/html/2021/MINEPROGRAM/backEnd/vendor/laravel/framework/src/Illuminate/Pipeline/Pipeline.php(167): Illuminate\\Foundation\\Http\\Middleware\\ValidatePostSize->handle()
#21 /var/www/html/2021/MINEPROGRAM/backEnd/vendor/laravel/framework/src/Illuminate/Foundation/Http/Middleware/PreventRequestsDuringMaintenance.php(87): Illuminate\\Pipeline\\Pipeline->Illuminate\\Pipeline\\{closure}()
#22 /var/www/html/2021/MINEPROGRAM/backEnd/vendor/laravel/framework/src/Illuminate/Pipeline/Pipeline.php(167): Illuminate\\Foundation\\Http\\Middleware\\PreventRequestsDuringMaintenance->handle()
#23 /var/www/html/2021/MINEPROGRAM/backEnd/vendor/fruitcake/laravel-cors/src/HandleCors.php(57): Illuminate\\Pipeline\\Pipeline->Illuminate\\Pipeline\\{closure}()
#24 /var/www/html/2021/MINEPROGRAM/backEnd/vendor/laravel/framework/src/Illuminate/Pipeline/Pipeline.php(167): Fruitcake\\Cors\\HandleCors->handle()
#25 /var/www/html/2021/MINEPROGRAM/backEnd/vendor/fideloper/proxy/src/TrustProxies.php(57): Illuminate\\Pipeline\\Pipeline->Illuminate\\Pipeline\\{closure}()
#26 /var/www/html/2021/MINEPROGRAM/backEnd/vendor/laravel/framework/src/Illuminate/Pipeline/Pipeline.php(167): Fideloper\\Proxy\\TrustProxies->handle()
#27 /var/www/html/2021/MINEPROGRAM/backEnd/vendor/laravel/framework/src/Illuminate/Pipeline/Pipeline.php(103): Illuminate\\Pipeline\\Pipeline->Illuminate\\Pipeline\\{closure}()
#28 /var/www/html/2021/MINEPROGRAM/backEnd/vendor/laravel/framework/src/Illuminate/Foundation/Http/Kernel.php(141): Illuminate\\Pipeline\\Pipeline->then()
#29 /var/www/html/2021/MINEPROGRAM/backEnd/vendor/laravel/framework/src/Illuminate/Foundation/Http/Kernel.php(110): Illuminate\\Foundation\\Http\\Kernel->sendRequestThroughRouter()
#30 /var/www/html/2021/MINEPROGRAM/backEnd/public/index.php(52): Illuminate\\Foundation\\Http\\Kernel->handle()
#31 /var/www/html/2021/MINEPROGRAM/backEnd/server.php(21): require_once('/var/www/html/2...')
#32 {main}
"} 
[2020-12-31 11:45:53] local.ERROR: Target class [API\AuthController] does not exist. {"exception":"[object] (Illuminate\\Contracts\\Container\\BindingResolutionException(code: 0): Target class [API\\AuthController] does not exist. at /var/www/html/2021/MINEPROGRAM/backEnd/vendor/laravel/framework/src/Illuminate/Container/Container.php:832)
[stacktrace]
#0 /var/www/html/2021/MINEPROGRAM/backEnd/vendor/laravel/framework/src/Illuminate/Container/Container.php(712): Illuminate\\Container\\Container->build()
#1 /var/www/html/2021/MINEPROGRAM/backEnd/vendor/laravel/framework/src/Illuminate/Foundation/Application.php(796): Illuminate\\Container\\Container->resolve()
#2 /var/www/html/2021/MINEPROGRAM/backEnd/vendor/laravel/framework/src/Illuminate/Container/Container.php(651): Illuminate\\Foundation\\Application->resolve()
#3 /var/www/html/2021/MINEPROGRAM/backEnd/vendor/laravel/framework/src/Illuminate/Foundation/Application.php(781): Illuminate\\Container\\Container->make()
#4 /var/www/html/2021/MINEPROGRAM/backEnd/vendor/laravel/framework/src/Illuminate/Routing/Route.php(268): Illuminate\\Foundation\\Application->make()
#5 /var/www/html/2021/MINEPROGRAM/backEnd/vendor/laravel/framework/src/Illuminate/Routing/Route.php(989): Illuminate\\Routing\\Route->getController()
#6 /var/www/html/2021/MINEPROGRAM/backEnd/vendor/laravel/framework/src/Illuminate/Routing/Route.php(950): Illuminate\\Routing\\Route->controllerMiddleware()
#7 /var/www/html/2021/MINEPROGRAM/backEnd/vendor/laravel/framework/src/Illuminate/Routing/Router.php(709): Illuminate\\Routing\\Route->gatherMiddleware()
#8 /var/www/html/2021/MINEPROGRAM/backEnd/vendor/laravel/framework/src/Illuminate/Routing/Router.php(685): Illuminate\\Routing\\Router->gatherRouteMiddleware()
#9 /var/www/html/2021/MINEPROGRAM/backEnd/vendor/laravel/framework/src/Illuminate/Routing/Router.php(669): Illuminate\\Routing\\Router->runRouteWithinStack()
#10 /var/www/html/2021/MINEPROGRAM/backEnd/vendor/laravel/framework/src/Illuminate/Routing/Router.php(635): Illuminate\\Routing\\Router->runRoute()
#11 /var/www/html/2021/MINEPROGRAM/backEnd/vendor/laravel/framework/src/Illuminate/Routing/Router.php(624): Illuminate\\Routing\\Router->dispatchToRoute()
#12 /var/www/html/2021/MINEPROGRAM/backEnd/vendor/laravel/framework/src/Illuminate/Foundation/Http/Kernel.php(166): Illuminate\\Routing\\Router->dispatch()
#13 /var/www/html/2021/MINEPROGRAM/backEnd/vendor/laravel/framework/src/Illuminate/Pipeline/Pipeline.php(128): Illuminate\\Foundation\\Http\\Kernel->Illuminate\\Foundation\\Http\\{closure}()
#14 /var/www/html/2021/MINEPROGRAM/backEnd/vendor/laravel/framework/src/Illuminate/Foundation/Http/Middleware/TransformsRequest.php(21): Illuminate\\Pipeline\\Pipeline->Illuminate\\Pipeline\\{closure}()
#15 /var/www/html/2021/MINEPROGRAM/backEnd/vendor/laravel/framework/src/Illuminate/Pipeline/Pipeline.php(167): Illuminate\\Foundation\\Http\\Middleware\\TransformsRequest->handle()
#16 /var/www/html/2021/MINEPROGRAM/backEnd/vendor/laravel/framework/src/Illuminate/Foundation/Http/Middleware/TransformsRequest.php(21): Illuminate\\Pipeline\\Pipeline->Illuminate\\Pipeline\\{closure}()
#17 /var/www/html/2021/MINEPROGRAM/backEnd/vendor/laravel/framework/src/Illuminate/Pipeline/Pipeline.php(167): Illuminate\\Foundation\\Http\\Middleware\\TransformsRequest->handle()
#18 /var/www/html/2021/MINEPROGRAM/backEnd/vendor/laravel/framework/src/Illuminate/Foundation/Http/Middleware/ValidatePostSize.php(27): Illuminate\\Pipeline\\Pipeline->Illuminate\\Pipeline\\{closure}()
#19 /var/www/html/2021/MINEPROGRAM/backEnd/vendor/laravel/framework/src/Illuminate/Pipeline/Pipeline.php(167): Illuminate\\Foundation\\Http\\Middleware\\ValidatePostSize->handle()
#20 /var/www/html/2021/MINEPROGRAM/backEnd/vendor/laravel/framework/src/Illuminate/Foundation/Http/Middleware/PreventRequestsDuringMaintenance.php(87): Illuminate\\Pipeline\\Pipeline->Illuminate\\Pipeline\\{closure}()
#21 /var/www/html/2021/MINEPROGRAM/backEnd/vendor/laravel/framework/src/Illuminate/Pipeline/Pipeline.php(167): Illuminate\\Foundation\\Http\\Middleware\\PreventRequestsDuringMaintenance->handle()
#22 /var/www/html/2021/MINEPROGRAM/backEnd/vendor/fruitcake/laravel-cors/src/HandleCors.php(57): Illuminate\\Pipeline\\Pipeline->Illuminate\\Pipeline\\{closure}()
#23 /var/www/html/2021/MINEPROGRAM/backEnd/vendor/laravel/framework/src/Illuminate/Pipeline/Pipeline.php(167): Fruitcake\\Cors\\HandleCors->handle()
#24 /var/www/html/2021/MINEPROGRAM/backEnd/vendor/fideloper/proxy/src/TrustProxies.php(57): Illuminate\\Pipeline\\Pipeline->Illuminate\\Pipeline\\{closure}()
#25 /var/www/html/2021/MINEPROGRAM/backEnd/vendor/laravel/framework/src/Illuminate/Pipeline/Pipeline.php(167): Fideloper\\Proxy\\TrustProxies->handle()
#26 /var/www/html/2021/MINEPROGRAM/backEnd/vendor/laravel/framework/src/Illuminate/Pipeline/Pipeline.php(103): Illuminate\\Pipeline\\Pipeline->Illuminate\\Pipeline\\{closure}()
#27 /var/www/html/2021/MINEPROGRAM/backEnd/vendor/laravel/framework/src/Illuminate/Foundation/Http/Kernel.php(141): Illuminate\\Pipeline\\Pipeline->then()
#28 /var/www/html/2021/MINEPROGRAM/backEnd/vendor/laravel/framework/src/Illuminate/Foundation/Http/Kernel.php(110): Illuminate\\Foundation\\Http\\Kernel->sendRequestThroughRouter()
#29 /var/www/html/2021/MINEPROGRAM/backEnd/public/index.php(52): Illuminate\\Foundation\\Http\\Kernel->handle()
#30 /var/www/html/2021/MINEPROGRAM/backEnd/server.php(21): require_once('/var/www/html/2...')
#31 {main}

[previous exception] [object] (ReflectionException(code: -1): Class API\\AuthController does not exist at /var/www/html/2021/MINEPROGRAM/backEnd/vendor/laravel/framework/src/Illuminate/Container/Container.php:830)
[stacktrace]
#0 /var/www/html/2021/MINEPROGRAM/backEnd/vendor/laravel/framework/src/Illuminate/Container/Container.php(830): ReflectionClass->__construct()
#1 /var/www/html/2021/MINEPROGRAM/backEnd/vendor/laravel/framework/src/Illuminate/Container/Container.php(712): Illuminate\\Container\\Container->build()
#2 /var/www/html/2021/MINEPROGRAM/backEnd/vendor/laravel/framework/src/Illuminate/Foundation/Application.php(796): Illuminate\\Container\\Container->resolve()
#3 /var/www/html/2021/MINEPROGRAM/backEnd/vendor/laravel/framework/src/Illuminate/Container/Container.php(651): Illuminate\\Foundation\\Application->resolve()
#4 /var/www/html/2021/MINEPROGRAM/backEnd/vendor/laravel/framework/src/Illuminate/Foundation/Application.php(781): Illuminate\\Container\\Container->make()
#5 /var/www/html/2021/MINEPROGRAM/backEnd/vendor/laravel/framework/src/Illuminate/Routing/Route.php(268): Illuminate\\Foundation\\Application->make()
#6 /var/www/html/2021/MINEPROGRAM/backEnd/vendor/laravel/framework/src/Illuminate/Routing/Route.php(989): Illuminate\\Routing\\Route->getController()
#7 /var/www/html/2021/MINEPROGRAM/backEnd/vendor/laravel/framework/src/Illuminate/Routing/Route.php(950): Illuminate\\Routing\\Route->controllerMiddleware()
#8 /var/www/html/2021/MINEPROGRAM/backEnd/vendor/laravel/framework/src/Illuminate/Routing/Router.php(709): Illuminate\\Routing\\Route->gatherMiddleware()
#9 /var/www/html/2021/MINEPROGRAM/backEnd/vendor/laravel/framework/src/Illuminate/Routing/Router.php(685): Illuminate\\Routing\\Router->gatherRouteMiddleware()
#10 /var/www/html/2021/MINEPROGRAM/backEnd/vendor/laravel/framework/src/Illuminate/Routing/Router.php(669): Illuminate\\Routing\\Router->runRouteWithinStack()
#11 /var/www/html/2021/MINEPROGRAM/backEnd/vendor/laravel/framework/src/Illuminate/Routing/Router.php(635): Illuminate\\Routing\\Router->runRoute()
#12 /var/www/html/2021/MINEPROGRAM/backEnd/vendor/laravel/framework/src/Illuminate/Routing/Router.php(624): Illuminate\\Routing\\Router->dispatchToRoute()
#13 /var/www/html/2021/MINEPROGRAM/backEnd/vendor/laravel/framework/src/Illuminate/Foundation/Http/Kernel.php(166): Illuminate\\Routing\\Router->dispatch()
#14 /var/www/html/2021/MINEPROGRAM/backEnd/vendor/laravel/framework/src/Illuminate/Pipeline/Pipeline.php(128): Illuminate\\Foundation\\Http\\Kernel->Illuminate\\Foundation\\Http\\{closure}()
#15 /var/www/html/2021/MINEPROGRAM/backEnd/vendor/laravel/framework/src/Illuminate/Foundation/Http/Middleware/TransformsRequest.php(21): Illuminate\\Pipeline\\Pipeline->Illuminate\\Pipeline\\{closure}()
#16 /var/www/html/2021/MINEPROGRAM/backEnd/vendor/laravel/framework/src/Illuminate/Pipeline/Pipeline.php(167): Illuminate\\Foundation\\Http\\Middleware\\TransformsRequest->handle()
#17 /var/www/html/2021/MINEPROGRAM/backEnd/vendor/laravel/framework/src/Illuminate/Foundation/Http/Middleware/TransformsRequest.php(21): Illuminate\\Pipeline\\Pipeline->Illuminate\\Pipeline\\{closure}()
#18 /var/www/html/2021/MINEPROGRAM/backEnd/vendor/laravel/framework/src/Illuminate/Pipeline/Pipeline.php(167): Illuminate\\Foundation\\Http\\Middleware\\TransformsRequest->handle()
#19 /var/www/html/2021/MINEPROGRAM/backEnd/vendor/laravel/framework/src/Illuminate/Foundation/Http/Middleware/ValidatePostSize.php(27): Illuminate\\Pipeline\\Pipeline->Illuminate\\Pipeline\\{closure}()
#20 /var/www/html/2021/MINEPROGRAM/backEnd/vendor/laravel/framework/src/Illuminate/Pipeline/Pipeline.php(167): Illuminate\\Foundation\\Http\\Middleware\\ValidatePostSize->handle()
#21 /var/www/html/2021/MINEPROGRAM/backEnd/vendor/laravel/framework/src/Illuminate/Foundation/Http/Middleware/PreventRequestsDuringMaintenance.php(87): Illuminate\\Pipeline\\Pipeline->Illuminate\\Pipeline\\{closure}()
#22 /var/www/html/2021/MINEPROGRAM/backEnd/vendor/laravel/framework/src/Illuminate/Pipeline/Pipeline.php(167): Illuminate\\Foundation\\Http\\Middleware\\PreventRequestsDuringMaintenance->handle()
#23 /var/www/html/2021/MINEPROGRAM/backEnd/vendor/fruitcake/laravel-cors/src/HandleCors.php(57): Illuminate\\Pipeline\\Pipeline->Illuminate\\Pipeline\\{closure}()
#24 /var/www/html/2021/MINEPROGRAM/backEnd/vendor/laravel/framework/src/Illuminate/Pipeline/Pipeline.php(167): Fruitcake\\Cors\\HandleCors->handle()
#25 /var/www/html/2021/MINEPROGRAM/backEnd/vendor/fideloper/proxy/src/TrustProxies.php(57): Illuminate\\Pipeline\\Pipeline->Illuminate\\Pipeline\\{closure}()
#26 /var/www/html/2021/MINEPROGRAM/backEnd/vendor/laravel/framework/src/Illuminate/Pipeline/Pipeline.php(167): Fideloper\\Proxy\\TrustProxies->handle()
#27 /var/www/html/2021/MINEPROGRAM/backEnd/vendor/laravel/framework/src/Illuminate/Pipeline/Pipeline.php(103): Illuminate\\Pipeline\\Pipeline->Illuminate\\Pipeline\\{closure}()
#28 /var/www/html/2021/MINEPROGRAM/backEnd/vendor/laravel/framework/src/Illuminate/Foundation/Http/Kernel.php(141): Illuminate\\Pipeline\\Pipeline->then()
#29 /var/www/html/2021/MINEPROGRAM/backEnd/vendor/laravel/framework/src/Illuminate/Foundation/Http/Kernel.php(110): Illuminate\\Foundation\\Http\\Kernel->sendRequestThroughRouter()
#30 /var/www/html/2021/MINEPROGRAM/backEnd/public/index.php(52): Illuminate\\Foundation\\Http\\Kernel->handle()
#31 /var/www/html/2021/MINEPROGRAM/backEnd/server.php(21): require_once('/var/www/html/2...')
#32 {main}
"} 
